Duplicate specification "host|h=s" for option "h"
Array found where operator expected at /projects/subman/script/../lib/SubMan/Controller/Root.pm line 94, near "my ( $self, $c ) = "
  (Might be a runaway multi-line == string starting on line 87)
	(Do you need to predeclare my?)
Global symbol "$self" requires explicit package name at /projects/subman/script/../lib/SubMan/Controller/Root.pm line 87.
Global symbol "$c" requires explicit package name at /projects/subman/script/../lib/SubMan/Controller/Root.pm line 87.
syntax error at /projects/subman/script/../lib/SubMan/Controller/Root.pm line 94, near "my ( $self, $c ) = @_"
Global symbol "$c" requires explicit package name at /projects/subman/script/../lib/SubMan/Controller/Root.pm line 95.
Global symbol "$c" requires explicit package name at /projects/subman/script/../lib/SubMan/Controller/Root.pm line 96.
Unmatched right curly bracket at /projects/subman/script/../lib/SubMan/Controller/Root.pm line 97, at end of line
syntax error at /projects/subman/script/../lib/SubMan/Controller/Root.pm line 97, near "}"
Compilation failed in require at /usr/local/share/perl/5.14.2/Catalyst/Utils.pm line 308.
Compilation failed in require at /usr/local/share/perl/5.14.2/Catalyst/ScriptRunner.pm line 50.
Duplicate specification "host|h=s" for option "h"
failed to listen to port 3000: Address already in use at /usr/local/share/perl/5.14.2/HTTP/Server/PSGI.pm line 94.
Duplicate specification "host|h=s" for option "h"
HTTP::Server::PSGI: Accepting connections at http://0.0.0.0:3000/
2014/03/06 04:13:01 [WARN] Visitor.pm:43 SubMan::Controller::Visitor::login - User anonymous: Login failed. Wrong username/password.
2014/03/06 04:13:01 [INFO] Visitor.pm:36 SubMan::Controller::Visitor::login - User [name=Test Admin] [email=___test_admin] [session=fccf397994972e775cdb8c8060f161debce163de]: Logged in
2014/03/06 04:13:02 [INFO] Users.pm:237 SubMan::Controller::Admin::Users::try {...}  - User [name=Test Admin] [email=___test_admin] [session=fccf397994972e775cdb8c8060f161debce163de]: New user created for email ___test_email_auth1@domain.com.
2014/03/06 04:13:02 [INFO] Alert.pm:30 SubMan::Plugin::Alert::alert - User [name=Test Admin] [email=___test_admin] [session=fccf397994972e775cdb8c8060f161debce163de]: An email was sent to help with setting account's password. to: ___test_email_auth1@domain.com  |token: pmlatrbr6bznh0ecj0
2014/03/06 04:13:02 [INFO] Visitor.pm:115 SubMan::Controller::Visitor::set_user_password - User [name=Test Admin] [email=___test_admin] [session=fccf397994972e775cdb8c8060f161debce163de]: Password has been set.
2014/03/06 04:13:03 [WARN] Visitor.pm:43 SubMan::Controller::Visitor::login - User [name=Test Admin] [email=___test_admin] [session=fccf397994972e775cdb8c8060f161debce163de]: Login failed. Wrong username/password.
2014/03/06 04:13:03 [INFO] Visitor.pm:36 SubMan::Controller::Visitor::login - User [name=John P] [email=___test_email_auth1@domain.com] [session=fccf397994972e775cdb8c8060f161debce163de]: Logged in
2014/03/06 04:13:03 [INFO] Visitor.pm:58 SubMan::Controller::Visitor::logout - User [name=John P] [email=___test_email_auth1@domain.com] [session=fccf397994972e775cdb8c8060f161debce163de]: Logged out. Session terminated
2014/03/06 04:13:04 [INFO] Visitor.pm:36 SubMan::Controller::Visitor::login - User [name=John P] [email=___test_email_auth1@domain.com] [session=fccf397994972e775cdb8c8060f161debce163de]: Logged in
2014/03/06 04:13:04 [INFO] Visitor.pm:36 SubMan::Controller::Visitor::login - User [name=Test Admin] [email=___test_admin] [session=fccf397994972e775cdb8c8060f161debce163de]: Logged in
2014/03/06 04:13:04 [INFO] Visitor.pm:58 SubMan::Controller::Visitor::logout - User [name=Test Admin] [email=___test_admin] [session=fccf397994972e775cdb8c8060f161debce163de]: Logged out. Session terminated
2014/03/06 04:13:10 [INFO] Visitor.pm:36 SubMan::Controller::Visitor::login - User [name=N/A] [email=new_user_public_links@emailcom] [session=636a475f0be859ca8923f8ecb4202588d67c0a94]: Logged in
2014/03/06 04:13:10 [INFO] Visitor.pm:58 SubMan::Controller::Visitor::logout - User [name=N/A] [email=new_user_public_links@emailcom] [session=636a475f0be859ca8923f8ecb4202588d67c0a94]: Logged out. Session terminated
2014/03/06 04:13:19 [INFO] Braintree.pm:175 SubMan::Helpers::Gateways::Braintree::_add_customer_with_card - User anonymous: Customer id (1890) was succesfully added to vault with credit card(8cq2h6)
2014/03/06 04:13:20 [INFO] Braintree.pm:264 SubMan::Helpers::Gateways::Braintree::_charge_card - User anonymous: Customer id (1890) has succesfully paid for link_user_subscription(672) having
            the transaction_id(62qmb6)
2014/03/06 04:13:20 [INFO] Alert.pm:30 SubMan::Plugin::Alert::alert - User anonymous: Payment completed successfully 
2014/03/06 04:13:23 [ERROR] Alert.pm:30 SubMan::Plugin::Alert::alert - User anonymous: Payment failed:Customer ID has already been taken. : Customer id (1892) failed to be added to the vault: Customer ID has already been taken.
2014/03/06 04:13:23 [INFO] Alert.pm:30 SubMan::Plugin::Alert::alert - User anonymous: Payment completed successfully 
2014/03/06 04:13:27 [INFO] Stripe.pm:139 SubMan::Helpers::Gateways::Stripe::_add_customer_with_card - User anonymous: Customer id ( 1894 ) was succesfully added to vault with credit card( card_3cBwGVcYeLDKOL )
2014/03/06 04:13:28 [INFO] Stripe.pm:268 SubMan::Helpers::Gateways::Stripe::_charge_card - User anonymous: Customer id ( 1894 ) has succesfully paid for link_user_subscription( 674 ) having
                the transaction_id( ch_3cBwK1akVyWoRc )
2014/03/06 04:13:28 [INFO] Alert.pm:30 SubMan::Plugin::Alert::alert - User anonymous: Payment completed successfully 
2014/03/06 04:13:32 [INFO] Stripe.pm:139 SubMan::Helpers::Gateways::Stripe::_add_customer_with_card - User anonymous: Customer id ( 1896 ) was succesfully added to vault with credit card( card_3cBx55f6djvStl )
2014/03/06 04:13:34 [INFO] Stripe.pm:268 SubMan::Helpers::Gateways::Stripe::_charge_card - User anonymous: Customer id ( 1896 ) has succesfully paid for link_user_subscription( 675 ) having
                the transaction_id( ch_3cBxnuIrsdwYeF )
2014/03/06 04:13:34 [INFO] Alert.pm:30 SubMan::Plugin::Alert::alert - User anonymous: Payment completed successfully 
2014/03/06 04:13:40 [INFO] Authorize.pm:265 SubMan::Helpers::Gateways::Authorize::_charge_card - User anonymous: Customer id (1898) has succesfully paid for link_user_subscription(676)
2014/03/06 04:13:40 [INFO] Alert.pm:30 SubMan::Plugin::Alert::alert - User anonymous: Payment completed successfully 
2014/03/06 04:13:46 [INFO] Authorize.pm:265 SubMan::Helpers::Gateways::Authorize::_charge_card - User anonymous: Customer id (1900) has succesfully paid for link_user_subscription(677)
2014/03/06 04:13:46 [INFO] Alert.pm:30 SubMan::Plugin::Alert::alert - User anonymous: Payment completed successfully 
2014/03/06 04:13:50 [ERROR] Alert.pm:30 SubMan::Plugin::Alert::alert - User anonymous: Payment failed:Credit card number is required.
Credit card must include either number or venmo_sdk_payment_method_code. : Customer id (1902) failed to be added to the vault: Credit card number is required.
Credit card must include either number or venmo_sdk_payment_method_code.
2014/03/06 04:13:50 [INFO] Alert.pm:30 SubMan::Plugin::Alert::alert - User anonymous: Payment completed successfully 
2014/03/06 04:13:53 [ERROR] Alert.pm:30 SubMan::Plugin::Alert::alert - User anonymous: Payment failed:Credit card number is required.
Credit card must include either number or venmo_sdk_payment_method_code. : Customer id (1904) failed to be added to the vault: Credit card number is required.
Credit card must include either number or venmo_sdk_payment_method_code.
2014/03/06 04:13:53 [INFO] Alert.pm:30 SubMan::Plugin::Alert::alert - User anonymous: Payment completed successfully 
2014/03/06 04:13:57 [ERROR] Alert.pm:30 SubMan::Plugin::Alert::alert - User anonymous: Payment failed:You passed an empty string for 'card'. We assume empty values are an attempt to unset a parameter; however 'card' cannot be unset. You should remove 'card' from your request or supply a non-empty value : Customer id ( 1906 ) failed to be added to the vault: You passed an empty string for 'card'. We assume empty values are an attempt to unset a parameter; however 'card' cannot be unset. You should remove 'card' from your request or supply a non-empty value
2014/03/06 04:13:57 [INFO] Alert.pm:30 SubMan::Plugin::Alert::alert - User anonymous: Payment completed successfully 
2014/03/06 04:14:01 [ERROR] Alert.pm:30 SubMan::Plugin::Alert::alert - User anonymous: Payment failed:You passed an empty string for 'card'. We assume empty values are an attempt to unset a parameter; however 'card' cannot be unset. You should remove 'card' from your request or supply a non-empty value : Customer id ( 1908 ) failed to be added to the vault: You passed an empty string for 'card'. We assume empty values are an attempt to unset a parameter; however 'card' cannot be unset. You should remove 'card' from your request or supply a non-empty value
2014/03/06 04:14:01 [INFO] Alert.pm:30 SubMan::Plugin::Alert::alert - User anonymous: Payment completed successfully 
2014/03/06 04:14:04 [ERROR] Alert.pm:30 SubMan::Plugin::Alert::alert - User anonymous: Payment failed, please contact support : Error while creating Authorize.Net profile:The 'AnetApi/xml/v1/schema/AnetApiSchema.xsd:cardNumber' element is invalid - The value '' is invalid according to its datatype 'String' - The actual length is less than the MinLength value.
2014/03/06 04:14:04 [INFO] Alert.pm:30 SubMan::Plugin::Alert::alert - User anonymous: Payment completed successfully 
2014/03/06 04:14:09 [ERROR] Alert.pm:30 SubMan::Plugin::Alert::alert - User anonymous: Payment failed, please contact support : Error while creating Authorize.Net profile:The 'AnetApi/xml/v1/schema/AnetApiSchema.xsd:cardNumber' element is invalid - The value '' is invalid according to its datatype 'String' - The actual length is less than the MinLength value.
2014/03/06 04:14:09 [INFO] Alert.pm:30 SubMan::Plugin::Alert::alert - User anonymous: Payment completed successfully 
2014/03/06 04:14:13 [INFO] Visitor.pm:36 SubMan::Controller::Visitor::login - User [name=Test Admin] [email=___test_admin] [session=f8143ece8ed17143ff2b9330ddbdf03352528864]: Logged in
2014/03/06 04:14:18 [INFO] Visitor.pm:36 SubMan::Controller::Visitor::login - User [name=Test Admin] [email=___test_admin] [session=db1012070a778864f8dfd30d2b24910520aadd95]: Logged in
2014/03/06 04:14:18 [INFO] Alert.pm:30 SubMan::Plugin::Alert::alert - User [name=Test Admin] [email=___test_admin] [session=db1012070a778864f8dfd30d2b24910520aadd95]: The codes were generated successfully 
2014/03/06 04:14:18 [INFO] Tabs.pm:178 SubMan::Controller::Admin::Subscriptions::Tabs::try {...}  - User [name=Test Admin] [email=___test_admin] [session=db1012070a778864f8dfd30d2b24910520aadd95]: Codes generated
2014/03/06 04:14:18 [INFO] Alert.pm:30 SubMan::Plugin::Alert::alert - User [name=Test Admin] [email=___test_admin] [session=db1012070a778864f8dfd30d2b24910520aadd95]: The campaign was created successfully 
2014/03/06 04:14:18 [INFO] Tabs.pm:138 SubMan::Controller::Admin::Subscriptions::Tabs::try {...}  - User [name=Test Admin] [email=___test_admin] [session=db1012070a778864f8dfd30d2b24910520aadd95]: Campaign created
2014/03/06 04:14:18 [INFO] Subscriptions.pm:124 SubMan::Controller::Admin::Subscriptions::try {...}  - User [name=Test Admin] [email=___test_admin] [session=db1012070a778864f8dfd30d2b24910520aadd95]: The subscription '___test_subscription_sc1' was created.
2014/03/06 04:14:18 [INFO] Alert.pm:30 SubMan::Plugin::Alert::alert - User [name=Test Admin] [email=___test_admin] [session=db1012070a778864f8dfd30d2b24910520aadd95]: The subscription '___test_subscription_sc1' was created. 
2014/03/06 04:14:18 [INFO] Alert.pm:30 SubMan::Plugin::Alert::alert - User [name=Test Admin] [email=___test_admin] [session=db1012070a778864f8dfd30d2b24910520aadd95]: The codes were generated successfully 
2014/03/06 04:14:18 [INFO] Tabs.pm:178 SubMan::Controller::Admin::Subscriptions::Tabs::try {...}  - User [name=Test Admin] [email=___test_admin] [session=db1012070a778864f8dfd30d2b24910520aadd95]: Codes generated
2014/03/06 04:14:18 [INFO] Alert.pm:30 SubMan::Plugin::Alert::alert - User [name=Test Admin] [email=___test_admin] [session=db1012070a778864f8dfd30d2b24910520aadd95]: The campaign was created successfully 
2014/03/06 04:14:18 [INFO] Tabs.pm:138 SubMan::Controller::Admin::Subscriptions::Tabs::try {...}  - User [name=Test Admin] [email=___test_admin] [session=db1012070a778864f8dfd30d2b24910520aadd95]: Campaign created
2014/03/06 04:14:18 [INFO] Alert.pm:30 SubMan::Plugin::Alert::alert - User [name=Test Admin] [email=___test_admin] [session=db1012070a778864f8dfd30d2b24910520aadd95]: The codes were generated successfully 
2014/03/06 04:14:18 [INFO] Tabs.pm:178 SubMan::Controller::Admin::Subscriptions::Tabs::try {...}  - User [name=Test Admin] [email=___test_admin] [session=db1012070a778864f8dfd30d2b24910520aadd95]: Codes generated
2014/03/06 04:14:18 [INFO] Visitor.pm:58 SubMan::Controller::Visitor::logout - User [name=Test Admin] [email=___test_admin] [session=db1012070a778864f8dfd30d2b24910520aadd95]: Logged out. Session terminated
2014/03/06 04:14:23 [INFO] Visitor.pm:36 SubMan::Controller::Visitor::login - User [name=Test Admin] [email=___test_admin] [session=b06347a82252a05041a88cff4766b56164de6674]: Logged in
2014/03/06 04:14:28 [INFO] Visitor.pm:36 SubMan::Controller::Visitor::login - User [name=Test Admin] [email=___test_admin] [session=46162d65cb5e9ecf7003a3395326489aef5696f2]: Logged in
2014/03/06 04:14:28 [INFO] Subscriptions.pm:124 SubMan::Controller::Admin::Subscriptions::try {...}  - User [name=Test Admin] [email=___test_admin] [session=46162d65cb5e9ecf7003a3395326489aef5696f2]: The subscription '___test_subscription_ips' was created.
2014/03/06 04:14:28 [INFO] Alert.pm:30 SubMan::Plugin::Alert::alert - User [name=Test Admin] [email=___test_admin] [session=46162d65cb5e9ecf7003a3395326489aef5696f2]: The subscription '___test_subscription_ips' was created. 
2014/03/06 04:14:28 [INFO] Visitor.pm:58 SubMan::Controller::Visitor::logout - User [name=Test Admin] [email=___test_admin] [session=46162d65cb5e9ecf7003a3395326489aef5696f2]: Logged out. Session terminated
2014/03/06 04:14:29 [INFO] Visitor.pm:36 SubMan::Controller::Visitor::login - User [name=Test Admin] [email=___test_admin] [session=46162d65cb5e9ecf7003a3395326489aef5696f2]: Logged in
2014/03/06 04:14:34 [INFO] Visitor.pm:36 SubMan::Controller::Visitor::login - User [name=Test Admin] [email=___test_admin] [session=316011ada607ecf24d6cbc230a0334a25cd9e804]: Logged in
2014/03/06 04:14:38 [INFO] Visitor.pm:36 SubMan::Controller::Visitor::login - User [name=Test Admin] [email=___test_admin] [session=9e6dcc6f58ca26544144244cbb7b0fbc4a5b4899]: Logged in
2014/03/06 04:14:42 [INFO] Visitor.pm:36 SubMan::Controller::Visitor::login - User [name=Test Admin] [email=___test_admin] [session=bdfd82ea91aba9b8e7c4d18a1a71d8009b1712e3]: Logged in
2014/03/06 04:14:43 [INFO] Alert.pm:30 SubMan::Plugin::Alert::alert - User [name=Test Admin] [email=___test_admin] [session=bdfd82ea91aba9b8e7c4d18a1a71d8009b1712e3]: The registration settings were updated. 
2014/03/06 04:14:47 [INFO] Visitor.pm:36 SubMan::Controller::Visitor::login - User [name=Test Admin] [email=___test_admin] [session=6471e8eaea3fadc6ea8d799b264567af4da3796f]: Logged in
2014/03/06 04:14:47 [INFO] Subscriptions.pm:124 SubMan::Controller::Admin::Subscriptions::try {...}  - User [name=Test Admin] [email=___test_admin] [session=6471e8eaea3fadc6ea8d799b264567af4da3796f]: The subscription '___test_subscription_downgrade' was created.
2014/03/06 04:14:47 [INFO] Alert.pm:30 SubMan::Plugin::Alert::alert - User [name=Test Admin] [email=___test_admin] [session=6471e8eaea3fadc6ea8d799b264567af4da3796f]: The subscription '___test_subscription_downgrade' was created. 
2014/03/06 04:14:47 [INFO] Alert.pm:30 SubMan::Plugin::Alert::alert - User [name=Test Admin] [email=___test_admin] [session=6471e8eaea3fadc6ea8d799b264567af4da3796f]: The feature was successfuly added 
2014/03/06 04:14:47 [INFO] Features.pm:56 SubMan::Controller::Admin::Features::try {...}  - User [name=Test Admin] [email=___test_admin] [session=6471e8eaea3fadc6ea8d799b264567af4da3796f]: New user feature create
2014/03/06 04:14:47 [INFO] Alert.pm:30 SubMan::Plugin::Alert::alert - User [name=Test Admin] [email=___test_admin] [session=6471e8eaea3fadc6ea8d799b264567af4da3796f]: The feature was successfuly added 
2014/03/06 04:14:47 [INFO] Features.pm:56 SubMan::Controller::Admin::Features::try {...}  - User [name=Test Admin] [email=___test_admin] [session=6471e8eaea3fadc6ea8d799b264567af4da3796f]: New user feature create
2014/03/06 04:14:47 [INFO] Alert.pm:30 SubMan::Plugin::Alert::alert - User [name=Test Admin] [email=___test_admin] [session=6471e8eaea3fadc6ea8d799b264567af4da3796f]: The feature was successfuly added 
2014/03/06 04:14:47 [INFO] Features.pm:56 SubMan::Controller::Admin::Features::try {...}  - User [name=Test Admin] [email=___test_admin] [session=6471e8eaea3fadc6ea8d799b264567af4da3796f]: New user feature create
2014/03/06 04:14:48 [INFO] Alert.pm:30 SubMan::Plugin::Alert::alert - User [name=Test Admin] [email=___test_admin] [session=6471e8eaea3fadc6ea8d799b264567af4da3796f]: The feature was successfuly added 
2014/03/06 04:14:48 [INFO] Features.pm:56 SubMan::Controller::Admin::Features::try {...}  - User [name=Test Admin] [email=___test_admin] [session=6471e8eaea3fadc6ea8d799b264567af4da3796f]: New user feature create
2014/03/06 04:14:48 [INFO] Alert.pm:30 SubMan::Plugin::Alert::alert - User [name=Test Admin] [email=___test_admin] [session=6471e8eaea3fadc6ea8d799b264567af4da3796f]: The feature was successfuly added 
2014/03/06 04:14:48 [INFO] Features.pm:56 SubMan::Controller::Admin::Features::try {...}  - User [name=Test Admin] [email=___test_admin] [session=6471e8eaea3fadc6ea8d799b264567af4da3796f]: New user feature create
2014/03/06 04:14:48 [INFO] Alert.pm:30 SubMan::Plugin::Alert::alert - User [name=Test Admin] [email=___test_admin] [session=6471e8eaea3fadc6ea8d799b264567af4da3796f]: The feature was successfuly added 
2014/03/06 04:14:48 [INFO] Features.pm:56 SubMan::Controller::Admin::Features::try {...}  - User [name=Test Admin] [email=___test_admin] [session=6471e8eaea3fadc6ea8d799b264567af4da3796f]: New user feature create
2014/03/06 04:14:48 [INFO] Alert.pm:30 SubMan::Plugin::Alert::alert - User [name=Test Admin] [email=___test_admin] [session=6471e8eaea3fadc6ea8d799b264567af4da3796f]: The feature was successfuly added 
2014/03/06 04:14:48 [INFO] Features.pm:56 SubMan::Controller::Admin::Features::try {...}  - User [name=Test Admin] [email=___test_admin] [session=6471e8eaea3fadc6ea8d799b264567af4da3796f]: New user feature create
2014/03/06 04:14:48 [INFO] Alert.pm:30 SubMan::Plugin::Alert::alert - User [name=Test Admin] [email=___test_admin] [session=6471e8eaea3fadc6ea8d799b264567af4da3796f]: The feature was successfuly added 
2014/03/06 04:14:48 [INFO] Features.pm:56 SubMan::Controller::Admin::Features::try {...}  - User [name=Test Admin] [email=___test_admin] [session=6471e8eaea3fadc6ea8d799b264567af4da3796f]: New user feature create
2014/03/06 04:14:48 [INFO] Alert.pm:30 SubMan::Plugin::Alert::alert - User [name=Test Admin] [email=___test_admin] [session=6471e8eaea3fadc6ea8d799b264567af4da3796f]: The feature was successfuly added 
2014/03/06 04:14:48 [INFO] Features.pm:56 SubMan::Controller::Admin::Features::try {...}  - User [name=Test Admin] [email=___test_admin] [session=6471e8eaea3fadc6ea8d799b264567af4da3796f]: New user feature create
2014/03/06 04:14:48 [INFO] Alert.pm:30 SubMan::Plugin::Alert::alert - User [name=Test Admin] [email=___test_admin] [session=6471e8eaea3fadc6ea8d799b264567af4da3796f]: The feature was successfuly added 
2014/03/06 04:14:48 [INFO] Features.pm:56 SubMan::Controller::Admin::Features::try {...}  - User [name=Test Admin] [email=___test_admin] [session=6471e8eaea3fadc6ea8d799b264567af4da3796f]: New user feature create
2014/03/06 04:14:48 [INFO] Alert.pm:30 SubMan::Plugin::Alert::alert - User [name=Test Admin] [email=___test_admin] [session=6471e8eaea3fadc6ea8d799b264567af4da3796f]: The feature was successfuly added 
2014/03/06 04:14:48 [INFO] Features.pm:56 SubMan::Controller::Admin::Features::try {...}  - User [name=Test Admin] [email=___test_admin] [session=6471e8eaea3fadc6ea8d799b264567af4da3796f]: New user feature create
2014/03/06 04:14:48 [INFO] Subscriptions.pm:124 SubMan::Controller::Admin::Subscriptions::try {...}  - User [name=Test Admin] [email=___test_admin] [session=6471e8eaea3fadc6ea8d799b264567af4da3796f]: The subscription '___test_subscription_upgrade' was created.
2014/03/06 04:14:48 [INFO] Alert.pm:30 SubMan::Plugin::Alert::alert - User [name=Test Admin] [email=___test_admin] [session=6471e8eaea3fadc6ea8d799b264567af4da3796f]: The subscription '___test_subscription_upgrade' was created. 
2014/03/06 04:14:48 [INFO] Subscriptions.pm:124 SubMan::Controller::Admin::Subscriptions::try {...}  - User [name=Test Admin] [email=___test_admin] [session=6471e8eaea3fadc6ea8d799b264567af4da3796f]: The subscription '___test_subscription_main' was created.
2014/03/06 04:14:48 [INFO] Alert.pm:30 SubMan::Plugin::Alert::alert - User [name=Test Admin] [email=___test_admin] [session=6471e8eaea3fadc6ea8d799b264567af4da3796f]: The subscription '___test_subscription_main' was created. 
2014/03/06 04:14:48 [INFO] Alert.pm:30 SubMan::Plugin::Alert::alert - User [name=Test Admin] [email=___test_admin] [session=6471e8eaea3fadc6ea8d799b264567af4da3796f]: The subscription '___test_subscription_main' was updated. 
2014/03/06 04:14:48 [INFO] Subscriptions.pm:124 SubMan::Controller::Admin::Subscriptions::try {...}  - User [name=Test Admin] [email=___test_admin] [session=6471e8eaea3fadc6ea8d799b264567af4da3796f]: The subscription '___test_subscription_s1' was created.
2014/03/06 04:14:48 [INFO] Alert.pm:30 SubMan::Plugin::Alert::alert - User [name=Test Admin] [email=___test_admin] [session=6471e8eaea3fadc6ea8d799b264567af4da3796f]: The subscription '___test_subscription_s1' was created. 
2014/03/06 04:14:48 [INFO] Visitor.pm:58 SubMan::Controller::Visitor::logout - User [name=Test Admin] [email=___test_admin] [session=6471e8eaea3fadc6ea8d799b264567af4da3796f]: Logged out. Session terminated
2014/03/06 04:14:49 [INFO] Visitor.pm:36 SubMan::Controller::Visitor::login - User [name=Test Admin] [email=___test_admin] [session=6471e8eaea3fadc6ea8d799b264567af4da3796f]: Logged in
2014/03/06 04:14:49 [INFO] Alert.pm:30 SubMan::Plugin::Alert::alert - User [name=Test Admin] [email=___test_admin] [session=6471e8eaea3fadc6ea8d799b264567af4da3796f]: The subscription '___test_subscription_s1' was updated. 
2014/03/06 04:14:49 [INFO] Alert.pm:30 SubMan::Plugin::Alert::alert - User [name=Test Admin] [email=___test_admin] [session=6471e8eaea3fadc6ea8d799b264567af4da3796f]: The subscription '___test_subscription_s1' was updated. 
2014/03/06 04:14:49 [INFO] Visitor.pm:58 SubMan::Controller::Visitor::logout - User [name=Test Admin] [email=___test_admin] [session=6471e8eaea3fadc6ea8d799b264567af4da3796f]: Logged out. Session terminated
2014/03/06 04:14:50 [INFO] Visitor.pm:36 SubMan::Controller::Visitor::login - User [name=Test Admin] [email=___test_admin] [session=6471e8eaea3fadc6ea8d799b264567af4da3796f]: Logged in
2014/03/06 04:14:50 [INFO] Alert.pm:30 SubMan::Plugin::Alert::alert - User [name=Test Admin] [email=___test_admin] [session=6471e8eaea3fadc6ea8d799b264567af4da3796f]: The subscription '___test_subscription_s1' was updated. 
2014/03/06 04:14:50 [INFO] Visitor.pm:58 SubMan::Controller::Visitor::logout - User [name=Test Admin] [email=___test_admin] [session=6471e8eaea3fadc6ea8d799b264567af4da3796f]: Logged out. Session terminated
2014/03/06 04:14:51 [INFO] Visitor.pm:36 SubMan::Controller::Visitor::login - User [name=Test Admin] [email=___test_admin] [session=6471e8eaea3fadc6ea8d799b264567af4da3796f]: Logged in
2014/03/06 04:14:51 [INFO] Subscriptions.pm:124 SubMan::Controller::Admin::Subscriptions::try {...}  - User [name=Test Admin] [email=___test_admin] [session=6471e8eaea3fadc6ea8d799b264567af4da3796f]: The subscription '___test_subscription_s2' was created.
2014/03/06 04:14:51 [INFO] Alert.pm:30 SubMan::Plugin::Alert::alert - User [name=Test Admin] [email=___test_admin] [session=6471e8eaea3fadc6ea8d799b264567af4da3796f]: The subscription '___test_subscription_s2' was created. 
2014/03/06 04:14:51 [INFO] Visitor.pm:58 SubMan::Controller::Visitor::logout - User [name=Test Admin] [email=___test_admin] [session=6471e8eaea3fadc6ea8d799b264567af4da3796f]: Logged out. Session terminated
2014/03/06 04:14:52 [INFO] Visitor.pm:36 SubMan::Controller::Visitor::login - User [name=Test Admin] [email=___test_admin] [session=6471e8eaea3fadc6ea8d799b264567af4da3796f]: Logged in
2014/03/06 04:14:52 [INFO] Alert.pm:30 SubMan::Plugin::Alert::alert - User [name=Test Admin] [email=___test_admin] [session=6471e8eaea3fadc6ea8d799b264567af4da3796f]: The subscription '___test_subscription_s2' was updated. 
2014/03/06 04:14:52 [INFO] Alert.pm:30 SubMan::Plugin::Alert::alert - User [name=Test Admin] [email=___test_admin] [session=6471e8eaea3fadc6ea8d799b264567af4da3796f]: The subscription '___test_subscription_s2' was updated. 
2014/03/06 04:14:52 [INFO] Visitor.pm:36 SubMan::Controller::Visitor::login - User [name=Test Admin] [email=___test_admin] [session=6471e8eaea3fadc6ea8d799b264567af4da3796f]: Logged in
2014/03/06 04:14:53 [INFO] Subscriptions.pm:124 SubMan::Controller::Admin::Subscriptions::try {...}  - User [name=Test Admin] [email=___test_admin] [session=6471e8eaea3fadc6ea8d799b264567af4da3796f]: The subscription '___test_subscription_s3' was created.
2014/03/06 04:14:53 [INFO] Alert.pm:30 SubMan::Plugin::Alert::alert - User [name=Test Admin] [email=___test_admin] [session=6471e8eaea3fadc6ea8d799b264567af4da3796f]: The subscription '___test_subscription_s3' was created. 
2014/03/06 04:14:53 [INFO] Visitor.pm:58 SubMan::Controller::Visitor::logout - User [name=Test Admin] [email=___test_admin] [session=6471e8eaea3fadc6ea8d799b264567af4da3796f]: Logged out. Session terminated
2014/03/06 04:14:53 [INFO] Visitor.pm:36 SubMan::Controller::Visitor::login - User [name=Test Admin] [email=___test_admin] [session=6471e8eaea3fadc6ea8d799b264567af4da3796f]: Logged in
2014/03/06 04:14:53 [INFO] Alert.pm:30 SubMan::Plugin::Alert::alert - User [name=Test Admin] [email=___test_admin] [session=6471e8eaea3fadc6ea8d799b264567af4da3796f]: The subscription '___test_subscription_s3' was updated. 
2014/03/06 04:14:54 [INFO] Visitor.pm:58 SubMan::Controller::Visitor::logout - User [name=Test Admin] [email=___test_admin] [session=6471e8eaea3fadc6ea8d799b264567af4da3796f]: Logged out. Session terminated
2014/03/06 04:14:54 [INFO] Visitor.pm:36 SubMan::Controller::Visitor::login - User [name=Test Admin] [email=___test_admin] [session=6471e8eaea3fadc6ea8d799b264567af4da3796f]: Logged in
2014/03/06 04:14:54 [INFO] Alert.pm:30 SubMan::Plugin::Alert::alert - User [name=Test Admin] [email=___test_admin] [session=6471e8eaea3fadc6ea8d799b264567af4da3796f]: The subscription '___test_subscription_s3' was updated. 
2014/03/06 04:14:54 [INFO] Subscriptions.pm:124 SubMan::Controller::Admin::Subscriptions::try {...}  - User [name=Test Admin] [email=___test_admin] [session=6471e8eaea3fadc6ea8d799b264567af4da3796f]: The subscription '___test_subscription_s4' was created.
2014/03/06 04:14:54 [INFO] Alert.pm:30 SubMan::Plugin::Alert::alert - User [name=Test Admin] [email=___test_admin] [session=6471e8eaea3fadc6ea8d799b264567af4da3796f]: The subscription '___test_subscription_s4' was created. 
2014/03/06 04:14:55 [INFO] Visitor.pm:58 SubMan::Controller::Visitor::logout - User [name=Test Admin] [email=___test_admin] [session=6471e8eaea3fadc6ea8d799b264567af4da3796f]: Logged out. Session terminated
2014/03/06 04:14:59 [INFO] Visitor.pm:36 SubMan::Controller::Visitor::login - User [name=Test Admin] [email=___test_admin] [session=2a3c7924be7bd5fcfe919dc71573cb4a6935ae0a]: Logged in
2014/03/06 04:14:59 [ERROR] Alert.pm:30 SubMan::Plugin::Alert::alert - User [name=Test Admin] [email=___test_admin] [session=2a3c7924be7bd5fcfe919dc71573cb4a6935ae0a]: The group could not be created. Please check the error log for more details. : 
2014/03/06 04:14:59 [ERROR] SubscriptionGroups.pm:44 SubMan::Controller::Admin::SubscriptionGroups::catch {...}  - User [name=Test Admin] [email=___test_admin] [session=2a3c7924be7bd5fcfe919dc71573cb4a6935ae0a]: Could not create subscription group '__test' : DBIx::Class::Storage::DBI::_dbh_execute(): DBI Exception: DBD::Pg::st execute failed: ERROR:  duplicate key value violates unique constraint "subscription_group_name_key"
DETAIL:  Key (name)=(__test) already exists. [for Statement "INSERT INTO "subscription_group" ( "name") VALUES ( ? ) RETURNING "id"" with ParamValues: 1='__test'] at /projects/subman/t/../lib/SubMan/Controller/Admin/SubscriptionGroups.pm line 37
2014/03/06 04:14:59 [INFO] Alert.pm:30 SubMan::Plugin::Alert::alert - User [name=Test Admin] [email=___test_admin] [session=2a3c7924be7bd5fcfe919dc71573cb4a6935ae0a]: The subscription group '__test' was renamed to '__test_edited'. 
2014/03/06 04:14:59 [INFO] SubscriptionGroups.pm:117 SubMan::Controller::Admin::SubscriptionGroups::try {...}  - User [name=Test Admin] [email=___test_admin] [session=2a3c7924be7bd5fcfe919dc71573cb4a6935ae0a]:  Edited the subscription group '__test' by renaming it to '__test_edited'.
2014/03/06 04:14:59 [INFO] Alert.pm:30 SubMan::Plugin::Alert::alert - User [name=Test Admin] [email=___test_admin] [session=2a3c7924be7bd5fcfe919dc71573cb4a6935ae0a]: The subscription group '__test_edited' was deleted. 
2014/03/06 04:14:59 [INFO] SubscriptionGroups.pm:71 SubMan::Controller::Admin::SubscriptionGroups::try {...}  - User [name=Test Admin] [email=___test_admin] [session=2a3c7924be7bd5fcfe919dc71573cb4a6935ae0a]: Deleted the subscription group '__test_edited'.
2014/03/06 04:15:04 [INFO] Visitor.pm:36 SubMan::Controller::Visitor::login - User [name=Test Admin] [email=___test_admin] [session=1417d82c4122ce58e129107b0ebe42f96e515bd8]: Logged in
2014/03/06 04:15:04 [INFO] Themes.pm:110 SubMan::Controller::Admin::Themes::try {...}  - User [name=Test Admin] [email=___test_admin] [session=1417d82c4122ce58e129107b0ebe42f96e515bd8]: Theme (test-template.1) created successfully.
2014/03/06 04:15:04 [INFO] Alert.pm:30 SubMan::Plugin::Alert::alert - User [name=Test Admin] [email=___test_admin] [session=1417d82c4122ce58e129107b0ebe42f96e515bd8]: The theme 'test_template' was created. 
2014/03/06 04:15:04 [INFO] Visitor.pm:58 SubMan::Controller::Visitor::logout - User [name=Test Admin] [email=___test_admin] [session=1417d82c4122ce58e129107b0ebe42f96e515bd8]: Logged out. Session terminated
2014/03/06 04:15:08 [INFO] Visitor.pm:36 SubMan::Controller::Visitor::login - User [name=Test Admin] [email=___test_admin] [session=92b52aaa5042a290d85a33bfe960a8e7e6494c9a]: Logged in
2014/03/06 04:15:09 [INFO] Alert.pm:30 SubMan::Plugin::Alert::alert - User [name=Test Admin] [email=___test_admin] [session=92b52aaa5042a290d85a33bfe960a8e7e6494c9a]: The subscription group  '__test_group' was created. 
2014/03/06 04:15:09 [INFO] SubscriptionGroups.pm:40 SubMan::Controller::Admin::SubscriptionGroups::try {...}  - User [name=Test Admin] [email=___test_admin] [session=92b52aaa5042a290d85a33bfe960a8e7e6494c9a]: Created the subscription group '__test_group'.
2014/03/06 04:15:09 [INFO] Subscriptions.pm:124 SubMan::Controller::Admin::Subscriptions::try {...}  - User [name=Test Admin] [email=___test_admin] [session=92b52aaa5042a290d85a33bfe960a8e7e6494c9a]: The subscription '___test_subscription_downgrade' was created.
2014/03/06 04:15:09 [INFO] Alert.pm:30 SubMan::Plugin::Alert::alert - User [name=Test Admin] [email=___test_admin] [session=92b52aaa5042a290d85a33bfe960a8e7e6494c9a]: The subscription '___test_subscription_downgrade' was created. 
2014/03/06 04:15:09 [INFO] Subscriptions.pm:124 SubMan::Controller::Admin::Subscriptions::try {...}  - User [name=Test Admin] [email=___test_admin] [session=92b52aaa5042a290d85a33bfe960a8e7e6494c9a]: The subscription '___test_subscription_upgrade' was created.
2014/03/06 04:15:09 [INFO] Alert.pm:30 SubMan::Plugin::Alert::alert - User [name=Test Admin] [email=___test_admin] [session=92b52aaa5042a290d85a33bfe960a8e7e6494c9a]: The subscription '___test_subscription_upgrade' was created. 
2014/03/06 04:15:09 [INFO] Subscriptions.pm:124 SubMan::Controller::Admin::Subscriptions::try {...}  - User [name=Test Admin] [email=___test_admin] [session=92b52aaa5042a290d85a33bfe960a8e7e6494c9a]: The subscription '___test_subscription_main' was created.
2014/03/06 04:15:09 [INFO] Alert.pm:30 SubMan::Plugin::Alert::alert - User [name=Test Admin] [email=___test_admin] [session=92b52aaa5042a290d85a33bfe960a8e7e6494c9a]: The subscription '___test_subscription_main' was created. 
2014/03/06 04:15:10 [INFO] Visitor.pm:58 SubMan::Controller::Visitor::logout - User [name=Test Admin] [email=___test_admin] [session=92b52aaa5042a290d85a33bfe960a8e7e6494c9a]: Logged out. Session terminated
2014/03/06 04:15:13 [INFO] Braintree.pm:175 SubMan::Helpers::Gateways::Braintree::_add_customer_with_card - User anonymous: Customer id (1938) was succesfully added to vault with credit card(dhq6dw)
2014/03/06 04:15:14 [INFO] Braintree.pm:264 SubMan::Helpers::Gateways::Braintree::_charge_card - User anonymous: Customer id (1938) has succesfully paid for link_user_subscription(687) having
            the transaction_id(ffkbgr)
2014/03/06 04:15:15 [INFO] Alert.pm:30 SubMan::Plugin::Alert::alert - User anonymous: Payment completed successfully 
2014/03/06 04:15:15 [INFO] Visitor.pm:36 SubMan::Controller::Visitor::login - User [name=Test Admin] [email=___test_admin] [session=92b52aaa5042a290d85a33bfe960a8e7e6494c9a]: Logged in
2014/03/06 04:15:17 [INFO] Braintree.pm:264 SubMan::Helpers::Gateways::Braintree::_charge_card - User [name=Test Admin] [email=___test_admin] [session=92b52aaa5042a290d85a33bfe960a8e7e6494c9a]: Customer id (1938) has succesfully paid for link_user_subscription(688) having
            the transaction_id(h5bsmr)
2014/03/06 04:15:17 [INFO] Alert.pm:30 SubMan::Plugin::Alert::alert - User [name=Test Admin] [email=___test_admin] [session=92b52aaa5042a290d85a33bfe960a8e7e6494c9a]: Payment completed successfully 
2014/03/06 04:15:18 [INFO] Braintree.pm:264 SubMan::Helpers::Gateways::Braintree::_charge_card - User [name=Test Admin] [email=___test_admin] [session=92b52aaa5042a290d85a33bfe960a8e7e6494c9a]: Customer id (1938) has succesfully paid for link_user_subscription(689) having
            the transaction_id(cqsvbr)
2014/03/06 04:15:18 [INFO] Alert.pm:30 SubMan::Plugin::Alert::alert - User [name=Test Admin] [email=___test_admin] [session=92b52aaa5042a290d85a33bfe960a8e7e6494c9a]: Payment completed successfully 
2014/03/06 04:15:19 [INFO] Alert.pm:30 SubMan::Plugin::Alert::alert - User [name=Test Admin] [email=___test_admin] [session=92b52aaa5042a290d85a33bfe960a8e7e6494c9a]: The current subscription for this user was cancelled. id: 687
2014/03/06 04:15:19 [INFO] Alert.pm:30 SubMan::Plugin::Alert::alert - User [name=Test Admin] [email=___test_admin] [session=92b52aaa5042a290d85a33bfe960a8e7e6494c9a]: Subscription saved successfully. Payment will de done when the current subscription ends subscription id: 333
2014/03/06 04:15:24 [INFO] Stripe.pm:139 SubMan::Helpers::Gateways::Stripe::_add_customer_with_card - User [name=Test Admin] [email=___test_admin] [session=92b52aaa5042a290d85a33bfe960a8e7e6494c9a]: Customer id ( 1939 ) was succesfully added to vault with credit card( card_3cBywthLejErHp )
2014/03/06 04:15:26 [INFO] Stripe.pm:268 SubMan::Helpers::Gateways::Stripe::_charge_card - User [name=Test Admin] [email=___test_admin] [session=92b52aaa5042a290d85a33bfe960a8e7e6494c9a]: Customer id ( 1939 ) has succesfully paid for link_user_subscription( 691 ) having
                the transaction_id( ch_3cByi5qThxcz1f )
2014/03/06 04:15:26 [INFO] Alert.pm:30 SubMan::Plugin::Alert::alert - User [name=Test Admin] [email=___test_admin] [session=92b52aaa5042a290d85a33bfe960a8e7e6494c9a]: Payment completed successfully 
2014/03/06 04:15:26 [INFO] Visitor.pm:58 SubMan::Controller::Visitor::logout - User [name=Test Admin] [email=___test_admin] [session=92b52aaa5042a290d85a33bfe960a8e7e6494c9a]: Logged out. Session terminated
2014/03/06 04:15:26 [INFO] Visitor.pm:36 SubMan::Controller::Visitor::login - User [name=Test Admin] [email=___test_admin] [session=92b52aaa5042a290d85a33bfe960a8e7e6494c9a]: Logged in
2014/03/06 04:15:28 [INFO] Stripe.pm:268 SubMan::Helpers::Gateways::Stripe::_charge_card - User [name=Test Admin] [email=___test_admin] [session=92b52aaa5042a290d85a33bfe960a8e7e6494c9a]: Customer id ( 1939 ) has succesfully paid for link_user_subscription( 692 ) having
                the transaction_id( ch_3cBylxZ0RPLuqW )
2014/03/06 04:15:28 [INFO] Alert.pm:30 SubMan::Plugin::Alert::alert - User [name=Test Admin] [email=___test_admin] [session=92b52aaa5042a290d85a33bfe960a8e7e6494c9a]: Payment completed successfully 
2014/03/06 04:15:29 [INFO] Stripe.pm:268 SubMan::Helpers::Gateways::Stripe::_charge_card - User [name=Test Admin] [email=___test_admin] [session=92b52aaa5042a290d85a33bfe960a8e7e6494c9a]: Customer id ( 1939 ) has succesfully paid for link_user_subscription( 693 ) having
                the transaction_id( ch_3cByfNnomQyY9a )
2014/03/06 04:15:29 [INFO] Alert.pm:30 SubMan::Plugin::Alert::alert - User [name=Test Admin] [email=___test_admin] [session=92b52aaa5042a290d85a33bfe960a8e7e6494c9a]: Payment completed successfully 
2014/03/06 04:15:30 [INFO] Alert.pm:30 SubMan::Plugin::Alert::alert - User [name=Test Admin] [email=___test_admin] [session=92b52aaa5042a290d85a33bfe960a8e7e6494c9a]: The current subscription for this user was cancelled. id: 691
2014/03/06 04:15:30 [INFO] Alert.pm:30 SubMan::Plugin::Alert::alert - User [name=Test Admin] [email=___test_admin] [session=92b52aaa5042a290d85a33bfe960a8e7e6494c9a]: Subscription saved successfully. Payment will de done when the current subscription ends subscription id: 333
2014/03/06 04:15:36 [INFO] Authorize.pm:265 SubMan::Helpers::Gateways::Authorize::_charge_card - User [name=Test Admin] [email=___test_admin] [session=92b52aaa5042a290d85a33bfe960a8e7e6494c9a]: Customer id (1940) has succesfully paid for link_user_subscription(695)
2014/03/06 04:15:36 [INFO] Alert.pm:30 SubMan::Plugin::Alert::alert - User [name=Test Admin] [email=___test_admin] [session=92b52aaa5042a290d85a33bfe960a8e7e6494c9a]: Payment completed successfully 
2014/03/06 04:15:36 [INFO] Visitor.pm:58 SubMan::Controller::Visitor::logout - User [name=Test Admin] [email=___test_admin] [session=92b52aaa5042a290d85a33bfe960a8e7e6494c9a]: Logged out. Session terminated
2014/03/06 04:15:37 [INFO] Visitor.pm:36 SubMan::Controller::Visitor::login - User [name=Test Admin] [email=___test_admin] [session=92b52aaa5042a290d85a33bfe960a8e7e6494c9a]: Logged in
2014/03/06 04:15:39 [INFO] Authorize.pm:265 SubMan::Helpers::Gateways::Authorize::_charge_card - User [name=Test Admin] [email=___test_admin] [session=92b52aaa5042a290d85a33bfe960a8e7e6494c9a]: Customer id (1940) has succesfully paid for link_user_subscription(696)
2014/03/06 04:15:39 [INFO] Alert.pm:30 SubMan::Plugin::Alert::alert - User [name=Test Admin] [email=___test_admin] [session=92b52aaa5042a290d85a33bfe960a8e7e6494c9a]: Payment completed successfully 
2014/03/06 04:15:42 [INFO] Authorize.pm:265 SubMan::Helpers::Gateways::Authorize::_charge_card - User [name=Test Admin] [email=___test_admin] [session=92b52aaa5042a290d85a33bfe960a8e7e6494c9a]: Customer id (1940) has succesfully paid for link_user_subscription(697)
2014/03/06 04:15:42 [INFO] Alert.pm:30 SubMan::Plugin::Alert::alert - User [name=Test Admin] [email=___test_admin] [session=92b52aaa5042a290d85a33bfe960a8e7e6494c9a]: Payment completed successfully 
2014/03/06 04:15:42 [INFO] Alert.pm:30 SubMan::Plugin::Alert::alert - User [name=Test Admin] [email=___test_admin] [session=92b52aaa5042a290d85a33bfe960a8e7e6494c9a]: The current subscription for this user was cancelled. id: 695
2014/03/06 04:15:42 [INFO] Alert.pm:30 SubMan::Plugin::Alert::alert - User [name=Test Admin] [email=___test_admin] [session=92b52aaa5042a290d85a33bfe960a8e7e6494c9a]: Subscription saved successfully. Payment will de done when the current subscription ends subscription id: 333
2014/03/06 04:15:48 [INFO] Visitor.pm:36 SubMan::Controller::Visitor::login - User [name=Test Admin] [email=___test_admin] [session=eb3788829b18d2de00bf8928e62af2066027aae9]: Logged in
2014/03/06 04:15:48 [INFO] Users.pm:237 SubMan::Controller::Admin::Users::try {...}  - User [name=Test Admin] [email=___test_admin] [session=eb3788829b18d2de00bf8928e62af2066027aae9]: New user created for email johnp@email.com.
2014/03/06 04:15:48 [INFO] Alert.pm:30 SubMan::Plugin::Alert::alert - User [name=Test Admin] [email=___test_admin] [session=eb3788829b18d2de00bf8928e62af2066027aae9]: An email was sent to help with setting account's password. to: johnp@email.com  |token: p1vfglnyqz21qtdz1s
2014/03/06 04:15:48 [INFO] Users.pm:322 SubMan::Controller::Admin::Users::save_user - User [name=Test Admin] [email=___test_admin] [session=eb3788829b18d2de00bf8928e62af2066027aae9]: The user was successfuly edited. | user_id: 1943
2014/03/06 04:15:49 [WARN] Visitor.pm:122 SubMan::Controller::Visitor::set_user_password - User [name=Test Admin] [email=___test_admin] [session=eb3788829b18d2de00bf8928e62af2066027aae9]: Failed setting password.
2014/03/06 04:15:49 [INFO] Visitor.pm:115 SubMan::Controller::Visitor::set_user_password - User [name=Test Admin] [email=___test_admin] [session=eb3788829b18d2de00bf8928e62af2066027aae9]: Password has been set.
2014/03/06 04:15:49 [INFO] Visitor.pm:58 SubMan::Controller::Visitor::logout - User [name=Test Admin] [email=___test_admin] [session=eb3788829b18d2de00bf8928e62af2066027aae9]: Logged out. Session terminated
2014/03/06 04:15:49 [ERROR] Alert.pm:30 SubMan::Plugin::Alert::alert - User anonymous: Email not found : 
2014/03/06 04:15:49 [INFO] Alert.pm:30 SubMan::Plugin::Alert::alert - User anonymous: An email was sent to help with setting account's password. to: johnp@email.com  |token: hc6sdytw75fjq5bl8n
2014/03/06 04:15:54 [INFO] Visitor.pm:36 SubMan::Controller::Visitor::login - User [name=Test Customer] [email=___test_user] [session=55c5ca3bd0aa05cdd04c5cf6f66239aa692a4a82]: Logged in
2014/03/06 04:15:54 [INFO] Alert.pm:30 SubMan::Plugin::Alert::alert - User [name=Test Customer] [email=___test_user] [session=55c5ca3bd0aa05cdd04c5cf6f66239aa692a4a82]: The user was successfuly edited. 
2014/03/06 04:15:58 [INFO] Visitor.pm:36 SubMan::Controller::Visitor::login - User [name=Test Admin] [email=___test_admin] [session=13f701e0789b14cf90bcf729902de24aeeba1fb4]: Logged in
2014/03/06 04:15:58 [INFO] Subscriptions.pm:124 SubMan::Controller::Admin::Subscriptions::try {...}  - User [name=Test Admin] [email=___test_admin] [session=13f701e0789b14cf90bcf729902de24aeeba1fb4]: The subscription '___test_subscription_s1' was created.
2014/03/06 04:15:58 [INFO] Alert.pm:30 SubMan::Plugin::Alert::alert - User [name=Test Admin] [email=___test_admin] [session=13f701e0789b14cf90bcf729902de24aeeba1fb4]: The subscription '___test_subscription_s1' was created. 
2014/03/06 04:16:00 [ERROR] Alert.pm:30 SubMan::Plugin::Alert::alert - User anonymous: Payment failed:Need a customer_id, a subscription_id, or a payment method specified by credit_card, payment_method_token, or payment_method_nonce. : Payment failed for customer(1947): Need a customer_id, a subscription_id, or a payment method specified by credit_card, payment_method_token, or payment_method_nonce.
2014/03/06 04:16:00 [FATAL] Logger.pm:92 SubMan::Common::Logger::fatal - User anonymous: Period conversion to 'days' failed for count '' and unit ''.
2014/03/06 04:16:00 [INFO] Subscriptions.pm:124 SubMan::Controller::Admin::Subscriptions::try {...}  - User [name=Test Admin] [email=___test_admin] [session=13f701e0789b14cf90bcf729902de24aeeba1fb4]: The subscription '___test_subscription_s2' was created.
2014/03/06 04:16:00 [INFO] Alert.pm:30 SubMan::Plugin::Alert::alert - User [name=Test Admin] [email=___test_admin] [session=13f701e0789b14cf90bcf729902de24aeeba1fb4]: The subscription '___test_subscription_s2' was created. 
2014/03/06 04:16:03 [INFO] Braintree.pm:175 SubMan::Helpers::Gateways::Braintree::_add_customer_with_card - User [name=Test Admin] [email=___test_admin] [session=13f701e0789b14cf90bcf729902de24aeeba1fb4]: Customer id (1948) was succesfully added to vault with credit card(8h4kfg)
2014/03/06 04:16:05 [INFO] Braintree.pm:264 SubMan::Helpers::Gateways::Braintree::_charge_card - User [name=Test Admin] [email=___test_admin] [session=13f701e0789b14cf90bcf729902de24aeeba1fb4]: Customer id (1948) has succesfully paid for link_user_subscription(701) having
            the transaction_id(3h9csb)
2014/03/06 04:16:05 [INFO] Alert.pm:30 SubMan::Plugin::Alert::alert - User [name=Test Admin] [email=___test_admin] [session=13f701e0789b14cf90bcf729902de24aeeba1fb4]: Payment completed successfully 
2014/03/06 04:16:06 [ERROR] Alert.pm:30 SubMan::Plugin::Alert::alert - User [name=Test Admin] [email=___test_admin] [session=13f701e0789b14cf90bcf729902de24aeeba1fb4]: Payment failed:Need a customer_id, a subscription_id, or a payment method specified by credit_card, payment_method_token, or payment_method_nonce. : Payment failed for customer(1947): Need a customer_id, a subscription_id, or a payment method specified by credit_card, payment_method_token, or payment_method_nonce.
2014/03/06 04:16:06 [FATAL] Logger.pm:92 SubMan::Common::Logger::fatal - User [name=Test Admin] [email=___test_admin] [session=13f701e0789b14cf90bcf729902de24aeeba1fb4]: Period conversion to 'days' failed for count '' and unit ''.
2014/03/06 04:16:06 [INFO] Subscriptions.pm:124 SubMan::Controller::Admin::Subscriptions::try {...}  - User [name=Test Admin] [email=___test_admin] [session=13f701e0789b14cf90bcf729902de24aeeba1fb4]: The subscription '___test_subscription_s3' was created.
2014/03/06 04:16:06 [INFO] Alert.pm:30 SubMan::Plugin::Alert::alert - User [name=Test Admin] [email=___test_admin] [session=13f701e0789b14cf90bcf729902de24aeeba1fb4]: The subscription '___test_subscription_s3' was created. 
2014/03/06 04:16:10 [INFO] Braintree.pm:175 SubMan::Helpers::Gateways::Braintree::_add_customer_with_card - User [name=Test Admin] [email=___test_admin] [session=13f701e0789b14cf90bcf729902de24aeeba1fb4]: Customer id (1949) was succesfully added to vault with credit card(cdzcyb)
2014/03/06 04:16:11 [INFO] Braintree.pm:264 SubMan::Helpers::Gateways::Braintree::_charge_card - User [name=Test Admin] [email=___test_admin] [session=13f701e0789b14cf90bcf729902de24aeeba1fb4]: Customer id (1949) has succesfully paid for link_user_subscription(703) having
            the transaction_id(9y4njg)
2014/03/06 04:16:11 [INFO] Alert.pm:30 SubMan::Plugin::Alert::alert - User [name=Test Admin] [email=___test_admin] [session=13f701e0789b14cf90bcf729902de24aeeba1fb4]: Payment completed successfully 
2014/03/06 04:16:13 [ERROR] Alert.pm:30 SubMan::Plugin::Alert::alert - User [name=Test Admin] [email=___test_admin] [session=13f701e0789b14cf90bcf729902de24aeeba1fb4]: Payment failed:Need a customer_id, a subscription_id, or a payment method specified by credit_card, payment_method_token, or payment_method_nonce. : Payment failed for customer(1947): Need a customer_id, a subscription_id, or a payment method specified by credit_card, payment_method_token, or payment_method_nonce.
2014/03/06 04:16:14 [INFO] Braintree.pm:264 SubMan::Helpers::Gateways::Braintree::_charge_card - User [name=Test Admin] [email=___test_admin] [session=13f701e0789b14cf90bcf729902de24aeeba1fb4]: Customer id (1949) has succesfully paid for link_user_subscription(705) having
            the transaction_id(4kz67w)
2014/03/06 04:16:14 [FATAL] Logger.pm:92 SubMan::Common::Logger::fatal - User [name=Test Admin] [email=___test_admin] [session=13f701e0789b14cf90bcf729902de24aeeba1fb4]: Period conversion to 'days' failed for count '' and unit ''.
2014/03/06 04:16:14 [INFO] Subscriptions.pm:124 SubMan::Controller::Admin::Subscriptions::try {...}  - User [name=Test Admin] [email=___test_admin] [session=13f701e0789b14cf90bcf729902de24aeeba1fb4]: The subscription '___test_subscription_s4' was created.
2014/03/06 04:16:14 [INFO] Alert.pm:30 SubMan::Plugin::Alert::alert - User [name=Test Admin] [email=___test_admin] [session=13f701e0789b14cf90bcf729902de24aeeba1fb4]: The subscription '___test_subscription_s4' was created. 
2014/03/06 04:16:18 [INFO] Braintree.pm:175 SubMan::Helpers::Gateways::Braintree::_add_customer_with_card - User [name=Test Admin] [email=___test_admin] [session=13f701e0789b14cf90bcf729902de24aeeba1fb4]: Customer id (1950) was succesfully added to vault with credit card(5k7rwm)
2014/03/06 04:16:19 [INFO] Braintree.pm:264 SubMan::Helpers::Gateways::Braintree::_charge_card - User [name=Test Admin] [email=___test_admin] [session=13f701e0789b14cf90bcf729902de24aeeba1fb4]: Customer id (1950) has succesfully paid for link_user_subscription(706) having
            the transaction_id(3vhym6)
2014/03/06 04:16:19 [INFO] Alert.pm:30 SubMan::Plugin::Alert::alert - User [name=Test Admin] [email=___test_admin] [session=13f701e0789b14cf90bcf729902de24aeeba1fb4]: Payment completed successfully 
2014/03/06 04:16:20 [ERROR] Alert.pm:30 SubMan::Plugin::Alert::alert - User [name=Test Admin] [email=___test_admin] [session=13f701e0789b14cf90bcf729902de24aeeba1fb4]: Payment failed:Need a customer_id, a subscription_id, or a payment method specified by credit_card, payment_method_token, or payment_method_nonce. : Payment failed for customer(1947): Need a customer_id, a subscription_id, or a payment method specified by credit_card, payment_method_token, or payment_method_nonce.
